2025-04-12 01:37:38,500 [ERROR] LogOutputStream:75 - [STDERR_REDIRECT] Apr 12, 2025 1:37:38 AM java.util.prefs.FileSystemPreferences checkLockFile0ErrorCode
2025-04-12 01:37:38,501 [ERROR] LogOutputStream:75 - [STDERR_REDIRECT] WARNING: Could not lock System prefs. Unix error code 2.
2025-04-12 01:37:38,501 [ERROR] LogOutputStream:75 - [STDERR_REDIRECT] 
2025-04-12 01:37:38,501 [ERROR] LogOutputStream:75 - [STDERR_REDIRECT] Apr 12, 2025 1:37:38 AM java.util.prefs.FileSystemPreferences syncWorld
2025-04-12 01:37:38,501 [ERROR] LogOutputStream:75 - [STDERR_REDIRECT] WARNING: Couldn't flush system prefs: java.util.prefs.BackingStoreException: Couldn't get file lock.
2025-04-12 01:37:38,501 [ERROR] LogOutputStream:75 - [STDERR_REDIRECT] 
2025-04-12 01:38:08,500 [ERROR] LogOutputStream:75 - [STDERR_REDIRECT] Apr 12, 2025 1:38:08 AM java.util.prefs.FileSystemPreferences checkLockFile0ErrorCode
2025-04-12 01:38:08,500 [ERROR] LogOutputStream:75 - [STDERR_REDIRECT] WARNING: Could not lock System prefs. Unix error code 2.
2025-04-12 01:38:08,501 [ERROR] LogOutputStream:75 - [STDERR_REDIRECT] 
2025-04-12 01:38:08,503 [ERROR] LogOutputStream:75 - [STDERR_REDIRECT] Apr 12, 2025 1:38:08 AM java.util.prefs.FileSystemPreferences syncWorld
2025-04-12 01:38:08,503 [ERROR] LogOutputStream:75 - [STDERR_REDIRECT] WARNING: Couldn't flush system prefs: java.util.prefs.BackingStoreException: Couldn't get file lock.
2025-04-12 01:38:08,503 [ERROR] LogOutputStream:75 - [STDERR_REDIRECT] 
2025-04-12 01:38:38,499 [ERROR] LogOutputStream:75 - [STDERR_REDIRECT] Apr 12, 2025 1:38:38 AM java.util.prefs.FileSystemPreferences checkLockFile0ErrorCode
2025-04-12 01:38:38,499 [ERROR] LogOutputStream:75 - [STDERR_REDIRECT] WARNING: Could not lock System prefs. Unix error code 2.
2025-04-12 01:38:38,500 [ERROR] LogOutputStream:75 - [STDERR_REDIRECT] 
2025-04-12 01:38:38,500 [ERROR] LogOutputStream:75 - [STDERR_REDIRECT] Apr 12, 2025 1:38:38 AM java.util.prefs.FileSystemPreferences syncWorld
2025-04-12 01:38:38,500 [ERROR] LogOutputStream:75 - [STDERR_REDIRECT] WARNING: Couldn't flush system prefs: java.util.prefs.BackingStoreException: Couldn't get file lock.
2025-04-12 01:38:38,501 [ERROR] LogOutputStream:75 - [STDERR_REDIRECT] 
2025-04-12 01:39:08,499 [ERROR] LogOutputStream:75 - [STDERR_REDIRECT] Apr 12, 2025 1:39:08 AM java.util.prefs.FileSystemPreferences checkLockFile0ErrorCode
2025-04-12 01:39:08,499 [ERROR] LogOutputStream:75 - [STDERR_REDIRECT] WARNING: Could not lock System prefs. Unix error code 2.
2025-04-12 01:39:08,499 [ERROR] LogOutputStream:75 - [STDERR_REDIRECT] 
2025-04-12 01:39:08,500 [ERROR] LogOutputStream:75 - [STDERR_REDIRECT] Apr 12, 2025 1:39:08 AM java.util.prefs.FileSystemPreferences syncWorld
2025-04-12 01:39:08,500 [ERROR] LogOutputStream:75 - [STDERR_REDIRECT] WARNING: Couldn't flush system prefs: java.util.prefs.BackingStoreException: Couldn't get file lock.
2025-04-12 01:39:08,500 [ERROR] LogOutputStream:75 - [STDERR_REDIRECT] 
2025-04-12 01:39:38,499 [ERROR] LogOutputStream:75 - [STDERR_REDIRECT] Apr 12, 2025 1:39:38 AM java.util.prefs.FileSystemPreferences checkLockFile0ErrorCode
2025-04-12 01:39:38,500 [ERROR] LogOutputStream:75 - [STDERR_REDIRECT] WARNING: Could not lock System prefs. Unix error code 2.
2025-04-12 01:39:38,500 [ERROR] LogOutputStream:75 - [STDERR_REDIRECT] 
2025-04-12 01:39:38,500 [ERROR] LogOutputStream:75 - [STDERR_REDIRECT] Apr 12, 2025 1:39:38 AM java.util.prefs.FileSystemPreferences syncWorld
2025-04-12 01:39:38,500 [ERROR] LogOutputStream:75 - [STDERR_REDIRECT] WARNING: Couldn't flush system prefs: java.util.prefs.BackingStoreException: Couldn't get file lock.
2025-04-12 01:39:38,501 [ERROR] LogOutputStream:75 - [STDERR_REDIRECT] 
