2025-05-25 18:12:44,198 [INFO] Activator:176 - 


2025-05-25 18:12:44,201 [INFO] Activator:177 - !SESSION log4j initialized
2025-05-25 18:12:45,459 [INFO] LogOutputStream:77 - [STDOUT_REDIRECT] 
2025-05-25 18:12:47,110 [INFO] ApplicationProperties:184 - Using Application install path: /opt/st/stm32cubeide_1.17.0/plugins/com.st.stm32cube.common.mx_6.13.0.202411220809
2025-05-25 18:12:47,120 [INFO] DbMcusXml:78 - Set database path to: /opt/st/stm32cubeide_1.17.0/plugins/com.st.stm32cube.common.mx_6.13.0.202411220809//db//mcu/
2025-05-25 18:12:47,120 [INFO] ApiDb:274 - Set plugin database path to: /opt/st/stm32cubeide_1.17.0/plugins/com.st.stm32cube.common.mx_6.13.0.202411220809//db//plugins/boardmanager/
2025-05-25 18:12:47,120 [WARN] ApiDb:259 - Overriding images path with different value:  => /opt/st/stm32cubeide_1.17.0/plugins/com.st.stm32cube.common.mx_6.13.0.202411220809//db//plugins/mcufinder/images/
2025-05-25 18:12:47,125 [INFO] ApiDb:250 - Set database path to: /home/irinej/.stmcufinder/plugins/mcufinder//mcu/
2025-05-25 18:12:47,125 [INFO] DbMcusAds:125 - Set database path to: /home/irinej/.stmcufinder/plugins/mcufinder//mcu/
2025-05-25 18:12:47,126 [INFO] CrossReferenceDbSqlite:203 - Set database path to: /home/irinej/.stmcufinder/plugins/mcufinder//mcu/cs/
2025-05-25 18:12:47,195 [INFO] RulesReader:64 - Compatibility file has been processed (297 Rules)
2025-05-25 18:12:47,230 [INFO] DbMcusXml:78 - Set database path to: /opt/st/stm32cubeide_1.17.0/plugins/com.st.stm32cube.common.mx_6.13.0.202411220809//db//mcu/
2025-05-25 18:12:47,230 [INFO] ApiDb:274 - Set plugin database path to: /opt/st/stm32cubeide_1.17.0/plugins/com.st.stm32cube.common.mx_6.13.0.202411220809//db//plugins/boardmanager/
2025-05-25 18:12:47,230 [INFO] ApiDb:261 - Set plugin images path to: /opt/st/stm32cubeide_1.17.0/plugins/com.st.stm32cube.common.mx_6.13.0.202411220809//db//plugins/mcufinder/images/
2025-05-25 18:12:47,230 [WARN] DbFile:41 - Overriding database path with different value: /home/irinej/.stmcufinder/plugins/mcufinder/ => /home/irinej/.stmcufinder/plugins/mcufinder
2025-05-25 18:12:47,230 [INFO] ApiDb:250 - Set database path to: /home/irinej/.stmcufinder/plugins/mcufinder//mcu/
2025-05-25 18:12:47,230 [WARN] DbFile:41 - Overriding database path with different value: /home/irinej/.stmcufinder/plugins/mcufinder/ => /home/irinej/.stmcufinder/plugins/mcufinder
2025-05-25 18:12:47,231 [INFO] DbMcusAds:125 - Set database path to: /home/irinej/.stmcufinder/plugins/mcufinder//mcu/
2025-05-25 18:12:47,231 [WARN] DbFile:41 - Overriding database path with different value: /home/irinej/.stmcufinder/plugins/mcufinder/ => /home/irinej/.stmcufinder/plugins/mcufinder
2025-05-25 18:12:47,231 [WARN] DbFile:41 - Overriding database path with different value: /home/irinej/.stmcufinder/plugins/mcufinder/ => /home/irinej/.stmcufinder/plugins/mcufinder
2025-05-25 18:12:47,231 [INFO] CrossReferenceDbSqlite:203 - Set database path to: /home/irinej/.stmcufinder/plugins/mcufinder//mcu/cs/
2025-05-25 18:12:47,270 [INFO] MainPanel:272 - HeapMemory: 268435456
2025-05-25 18:12:47,348 [INFO] DbMcusXml:78 - Set database path to: /opt/st/stm32cubeide_1.17.0/plugins/com.st.stm32cube.common.mx_6.13.0.202411220809//db//mcu/
2025-05-25 18:12:47,348 [INFO] ApiDb:274 - Set plugin database path to: /opt/st/stm32cubeide_1.17.0/plugins/com.st.stm32cube.common.mx_6.13.0.202411220809//db//plugins/boardmanager/
2025-05-25 18:12:47,348 [INFO] ApiDb:261 - Set plugin images path to: /opt/st/stm32cubeide_1.17.0/plugins/com.st.stm32cube.common.mx_6.13.0.202411220809//db//plugins/mcufinder/images/
2025-05-25 18:12:47,348 [WARN] DbFile:41 - Overriding database path with different value: /home/irinej/.stmcufinder/plugins/mcufinder/ => /home/irinej/.stmcufinder/plugins/mcufinder
2025-05-25 18:12:47,349 [INFO] ApiDb:250 - Set database path to: /home/irinej/.stmcufinder/plugins/mcufinder//mcu/
2025-05-25 18:12:47,349 [WARN] DbFile:41 - Overriding database path with different value: /home/irinej/.stmcufinder/plugins/mcufinder/ => /home/irinej/.stmcufinder/plugins/mcufinder
2025-05-25 18:12:47,349 [INFO] DbMcusAds:125 - Set database path to: /home/irinej/.stmcufinder/plugins/mcufinder//mcu/
2025-05-25 18:12:47,349 [WARN] DbFile:41 - Overriding database path with different value: /home/irinej/.stmcufinder/plugins/mcufinder/ => /home/irinej/.stmcufinder/plugins/mcufinder
2025-05-25 18:12:47,349 [WARN] DbFile:41 - Overriding database path with different value: /home/irinej/.stmcufinder/plugins/mcufinder/ => /home/irinej/.stmcufinder/plugins/mcufinder
2025-05-25 18:12:47,349 [INFO] CrossReferenceDbSqlite:203 - Set database path to: /home/irinej/.stmcufinder/plugins/mcufinder//mcu/cs/
2025-05-25 18:12:47,359 [INFO] ApplicationProperties:184 - Using Application install path: /opt/st/stm32cubeide_1.17.0/plugins/com.st.stm32cube.common.mx_6.13.0.202411220809
2025-05-25 18:12:47,360 [INFO] PluginManage:196 - Search for loadable plugins [exclusion list=, ]
2025-05-25 18:12:47,361 [INFO] PluginManage:310 - Check plugin analytics
2025-05-25 18:12:47,445 [INFO] AnalyticsPlugin:253 - Accepted Software Licenses: 
2025-05-25 18:12:47,445 [INFO] AnalyticsPlugin:255 - Accepted CMSIS Pack Licenses: 
2025-05-25 18:12:47,445 [INFO] AnalyticsPlugin:257 - Accepted Firmware Licenses: 
2025-05-25 18:12:47,447 [INFO] PluginManage:359 - Loaded plugin analytics (category:tool,tabindex:-1)
2025-05-25 18:12:47,447 [INFO] PluginManage:310 - Check plugin cadmodel
2025-05-25 18:12:47,449 [INFO] CADModel:105 - Init CAD model plugin
2025-05-25 18:12:47,449 [INFO] PluginManage:359 - Loaded plugin cadmodel (category:power,tabindex:5)
2025-05-25 18:12:47,449 [INFO] PluginManage:310 - Check plugin clock
2025-05-25 18:12:47,454 [INFO] PluginManage:359 - Loaded plugin clock (category:base,tabindex:2)
2025-05-25 18:12:47,454 [INFO] PluginManage:310 - Check plugin ddr
2025-05-25 18:12:47,455 [INFO] PluginManage:359 - Loaded plugin ddr (category:tool,tabindex:6)
2025-05-25 18:12:47,455 [INFO] PluginManage:310 - Check plugin filemanager
2025-05-25 18:12:47,537 [INFO] PluginManage:359 - Loaded plugin filemanager (category:base,tabindex:10)
2025-05-25 18:12:47,537 [INFO] PluginManage:310 - Check plugin ipmanager
2025-05-25 18:12:47,539 [INFO] PluginManage:359 - Loaded plugin ipmanager (category:base,tabindex:5)
2025-05-25 18:12:47,540 [INFO] PluginManage:310 - Check plugin lpbam
2025-05-25 18:12:47,545 [INFO] PluginManage:359 - Loaded plugin lpbam (category:base,tabindex:0)
2025-05-25 18:12:47,545 [INFO] PluginManage:310 - Check plugin memorymap
2025-05-25 18:12:47,552 [INFO] PluginManage:359 - Loaded plugin memorymap (category:base,tabindex:4)
2025-05-25 18:12:47,552 [INFO] PluginManage:310 - Check plugin pinoutandconfiguration
2025-05-25 18:12:47,557 [INFO] PluginManage:359 - Loaded plugin pinoutandconfiguration (category:base,tabindex:1)
2025-05-25 18:12:47,557 [INFO] PluginManage:310 - Check plugin pinoutconfig
2025-05-25 18:12:47,625 [WARN] SupportedApi:132 - Cannot load RTOS API schema: s4s-elt-must-match.1: The content of 'definitions' must match (annotation?, (simpleType | complexType)?, (unique | key | keyref)*)). A problem was found starting at: attribute.
2025-05-25 18:12:47,710 [INFO] PluginManage:359 - Loaded plugin pinoutconfig (category:base,tabindex:0)
2025-05-25 18:12:47,710 [INFO] PluginManage:310 - Check plugin power
2025-05-25 18:12:47,715 [INFO] PluginManage:359 - Loaded plugin power (category:power,tabindex:4)
2025-05-25 18:12:47,716 [INFO] PluginManage:310 - Check plugin projectmanager
2025-05-25 18:12:47,724 [INFO] PluginManage:359 - Loaded plugin projectmanager (category:projectmanager,tabindex:4)
2025-05-25 18:12:47,724 [INFO] PluginManage:310 - Check plugin rif
2025-05-25 18:12:47,728 [INFO] PluginManage:359 - Loaded plugin rif (category:base,tabindex:3)
2025-05-25 18:12:47,728 [INFO] PluginManage:310 - Check plugin thirdparty
2025-05-25 18:12:47,789 [WARN] IntegrityCheckThread:84 - waiting for thirdparty lock release [integrity check]
2025-05-25 18:12:47,789 [INFO] PluginManage:359 - Loaded plugin thirdparty (category:base,tabindex:-1)
2025-05-25 18:12:47,789 [INFO] IntegrityCheckThread:86 - entering critical section [integrity check]
2025-05-25 18:12:47,789 [INFO] PluginManage:310 - Check plugin tools
2025-05-25 18:12:47,789 [INFO] ThirdPartyUpdaterWithRetryManager:70 - Updater plugin not ready yet. [1/15]
2025-05-25 18:12:47,791 [INFO] PluginManage:359 - Loaded plugin tools (category:base,tabindex:7)
2025-05-25 18:12:47,791 [INFO] PluginManage:310 - Check plugin tutovideos
2025-05-25 18:12:47,877 [INFO] PluginManage:359 - Loaded plugin tutovideos (category:base,tabindex:-1)
2025-05-25 18:12:47,877 [INFO] PluginManage:310 - Check plugin updater
2025-05-25 18:12:47,893 [INFO] PluginManage:359 - Loaded plugin updater (category:base,tabindex:12)
2025-05-25 18:12:47,893 [INFO] PluginManage:310 - Check plugin userauth
2025-05-25 18:12:47,895 [INFO] UserAuth:118 - Init User Auth plugin
2025-05-25 18:12:47,896 [INFO] PluginManage:359 - Loaded plugin userauth (category:base,tabindex:14)
2025-05-25 18:12:47,896 [INFO] PluginManage:283 - PluginManage : Loaded plugins [18]
2025-05-25 18:12:47,994 [INFO] PinOutPanel:1589 - setPackage(No Configuration,No Configuration)
2025-05-25 18:12:48,029 [INFO] CADModel:165 - CPN selected for project level
2025-05-25 18:12:48,029 [INFO] CADModel:114 - Register for checkConnection events
2025-05-25 18:12:48,034 [INFO] IPUIPlugin:80 - create IPUIPlugin
2025-05-25 18:12:48,034 [INFO] PluginManager:220 - loadIPPluginJar : add ts
2025-05-25 18:12:48,038 [INFO] IPUIPlugin:80 - create IPUIPlugin
2025-05-25 18:12:48,038 [INFO] PluginManager:220 - loadIPPluginJar : add fmc
2025-05-25 18:12:48,040 [INFO] IPUIPlugin:80 - create IPUIPlugin
2025-05-25 18:12:48,040 [INFO] PluginManager:220 - loadIPPluginJar : add touchsensing
2025-05-25 18:12:48,040 [INFO] IPUIPlugin:80 - create IPUIPlugin
2025-05-25 18:12:48,041 [INFO] PluginManager:220 - loadIPPluginJar : add radio
2025-05-25 18:12:48,042 [INFO] IPUIPlugin:80 - create IPUIPlugin
2025-05-25 18:12:48,042 [INFO] PluginManager:220 - loadIPPluginJar : add sai
2025-05-25 18:12:48,045 [INFO] IPUIPlugin:80 - create IPUIPlugin
2025-05-25 18:12:48,045 [INFO] PluginManager:220 - loadIPPluginJar : add freertos
2025-05-25 18:12:48,047 [INFO] IPUIPlugin:80 - create IPUIPlugin
2025-05-25 18:12:48,047 [INFO] PluginManager:220 - loadIPPluginJar : add gic
2025-05-25 18:12:48,048 [INFO] IPUIPlugin:80 - create IPUIPlugin
2025-05-25 18:12:48,048 [INFO] PluginManager:220 - loadIPPluginJar : add aes
2025-05-25 18:12:48,051 [INFO] IPUIPlugin:80 - create IPUIPlugin
2025-05-25 18:12:48,051 [INFO] PluginManager:220 - loadIPPluginJar : add dma
2025-05-25 18:12:48,051 [INFO] IPUIPlugin:80 - create IPUIPlugin
2025-05-25 18:12:48,051 [INFO] PluginManager:220 - loadIPPluginJar : add genericplugin
2025-05-25 18:12:48,053 [INFO] IPUIPlugin:80 - create IPUIPlugin
2025-05-25 18:12:48,053 [INFO] PluginManager:220 - loadIPPluginJar : add ipddr
2025-05-25 18:12:48,054 [INFO] IPUIPlugin:80 - create IPUIPlugin
2025-05-25 18:12:48,054 [INFO] PluginManager:220 - loadIPPluginJar : add ucpd
2025-05-25 18:12:48,055 [INFO] IPUIPlugin:80 - create IPUIPlugin
2025-05-25 18:12:48,055 [INFO] PluginManager:220 - loadIPPluginJar : add opamp
2025-05-25 18:12:48,056 [INFO] IPUIPlugin:80 - create IPUIPlugin
2025-05-25 18:12:48,056 [INFO] PluginManager:220 - loadIPPluginJar : add cryp
2025-05-25 18:12:48,057 [INFO] IPUIPlugin:80 - create IPUIPlugin
2025-05-25 18:12:48,057 [INFO] PluginManager:220 - loadIPPluginJar : add openamp
2025-05-25 18:12:48,059 [INFO] IPUIPlugin:80 - create IPUIPlugin
2025-05-25 18:12:48,059 [INFO] PluginManager:220 - loadIPPluginJar : add nvic
2025-05-25 18:12:48,060 [INFO] IPUIPlugin:80 - create IPUIPlugin
2025-05-25 18:12:48,060 [INFO] PluginManager:220 - loadIPPluginJar : add gtzc
2025-05-25 18:12:48,061 [INFO] IPUIPlugin:80 - create IPUIPlugin
2025-05-25 18:12:48,061 [INFO] PluginManager:220 - loadIPPluginJar : add pdm2pcm
2025-05-25 18:12:48,062 [INFO] IPUIPlugin:80 - create IPUIPlugin
2025-05-25 18:12:48,062 [INFO] PluginManager:220 - loadIPPluginJar : add usart
2025-05-25 18:12:48,063 [INFO] IPUIPlugin:80 - create IPUIPlugin
2025-05-25 18:12:48,064 [INFO] PluginManager:220 - loadIPPluginJar : add i2c
2025-05-25 18:12:48,064 [INFO] IPUIPlugin:80 - create IPUIPlugin
2025-05-25 18:12:48,064 [INFO] PluginManager:220 - loadIPPluginJar : add tim
2025-05-25 18:12:48,065 [INFO] IPUIPlugin:80 - create IPUIPlugin
2025-05-25 18:12:48,065 [INFO] PluginManager:220 - loadIPPluginJar : add can
2025-05-25 18:12:48,068 [INFO] IPUIPlugin:80 - create IPUIPlugin
2025-05-25 18:12:48,068 [INFO] PluginManager:220 - loadIPPluginJar : add stm32_wpan
2025-05-25 18:12:48,069 [INFO] IPUIPlugin:80 - create IPUIPlugin
2025-05-25 18:12:48,069 [INFO] PluginManager:220 - loadIPPluginJar : add tsc
2025-05-25 18:12:48,072 [INFO] IPUIPlugin:80 - create IPUIPlugin
2025-05-25 18:12:48,073 [INFO] PluginManager:220 - loadIPPluginJar : add linkedlist
2025-05-25 18:12:48,074 [INFO] IPUIPlugin:80 - create IPUIPlugin
2025-05-25 18:12:48,074 [INFO] PluginManager:220 - loadIPPluginJar : add hash
2025-05-25 18:12:48,074 [INFO] IPUIPlugin:80 - create IPUIPlugin
2025-05-25 18:12:48,074 [INFO] PluginManager:220 - loadIPPluginJar : add ltdc
2025-05-25 18:12:48,076 [INFO] IPUIPlugin:80 - create IPUIPlugin
2025-05-25 18:12:48,076 [INFO] PluginManager:220 - loadIPPluginJar : add resmgrutility
2025-05-25 18:12:48,077 [INFO] IPUIPlugin:80 - create IPUIPlugin
2025-05-25 18:12:48,077 [INFO] PluginManager:220 - loadIPPluginJar : add extmemmanager
2025-05-25 18:12:48,081 [INFO] IPUIPlugin:80 - create IPUIPlugin
2025-05-25 18:12:48,081 [INFO] PluginManager:220 - loadIPPluginJar : add adc
2025-05-25 18:12:48,081 [INFO] IPUIPlugin:80 - create IPUIPlugin
2025-05-25 18:12:48,081 [INFO] PluginManager:220 - loadIPPluginJar : add comp
2025-05-25 18:12:48,084 [INFO] IPUIPlugin:80 - create IPUIPlugin
2025-05-25 18:12:48,084 [INFO] PluginManager:220 - loadIPPluginJar : add mdma
2025-05-25 18:12:48,086 [INFO] IPUIPlugin:80 - create IPUIPlugin
2025-05-25 18:12:48,086 [INFO] PluginManager:220 - loadIPPluginJar : add gpio
2025-05-25 18:12:48,087 [INFO] IPUIPlugin:80 - create IPUIPlugin
2025-05-25 18:12:48,087 [INFO] PluginManager:220 - loadIPPluginJar : add gfxmmu
2025-05-25 18:12:48,088 [INFO] IPUIPlugin:80 - create IPUIPlugin
2025-05-25 18:12:48,088 [INFO] PluginManager:220 - loadIPPluginJar : add usbx
2025-05-25 18:12:48,089 [INFO] IPUIPlugin:80 - create IPUIPlugin
2025-05-25 18:12:48,089 [INFO] PluginManager:220 - loadIPPluginJar : add dfsdm
2025-05-25 18:12:48,090 [INFO] IPUIPlugin:80 - create IPUIPlugin
2025-05-25 18:12:48,090 [INFO] PluginManager:220 - loadIPPluginJar : add dma3
2025-05-25 18:12:48,093 [INFO] IPUIPlugin:80 - create IPUIPlugin
2025-05-25 18:12:48,095 [INFO] PluginManager:220 - loadIPPluginJar : add plateformsettings
2025-05-25 18:12:48,095 [INFO] IPUIPlugin:80 - create IPUIPlugin
2025-05-25 18:12:48,096 [INFO] PluginManager:220 - loadIPPluginJar : add spi
2025-05-25 18:12:48,097 [INFO] IPUIPlugin:80 - create IPUIPlugin
2025-05-25 18:12:48,097 [INFO] PluginManager:220 - loadIPPluginJar : add i3c
2025-05-25 18:12:48,097 [INFO] IPUIPlugin:80 - create IPUIPlugin
2025-05-25 18:12:48,098 [INFO] PluginManager:220 - loadIPPluginJar : add i2s
2025-05-25 18:12:48,098 [INFO] IPUIPlugin:80 - create IPUIPlugin
2025-05-25 18:12:48,098 [INFO] PluginManager:220 - loadIPPluginJar : add quadspi
2025-05-25 18:12:48,099 [INFO] IPUIPlugin:80 - create IPUIPlugin
2025-05-25 18:12:48,099 [INFO] PluginManager:220 - loadIPPluginJar : add tracer_emb
2025-05-25 18:12:48,100 [INFO] IPUIPlugin:80 - create IPUIPlugin
2025-05-25 18:12:48,100 [INFO] PluginManager:220 - loadIPPluginJar : add lorawan
2025-05-25 18:12:48,101 [INFO] IPUIPlugin:80 - create IPUIPlugin
2025-05-25 18:12:48,101 [INFO] PluginManager:220 - loadIPPluginJar : add fatfs
2025-05-25 18:12:48,102 [INFO] IPUIPlugin:80 - create IPUIPlugin
2025-05-25 18:12:48,102 [INFO] PluginManager:220 - loadIPPluginJar : add ddr_ctrl_phy
2025-05-25 18:12:48,190 [FATAL] Updater:351 - Updater called before beeing initialized
2025-05-25 18:12:48,208 [INFO] RulesReader:64 - Compatibility file has been processed (297 Rules)
2025-05-25 18:12:48,218 [INFO] RulesReader:64 - Compatibility file has been processed (297 Rules)
2025-05-25 18:12:48,222 [INFO] CADModel:165 - CPN selected for project level
2025-05-25 18:12:48,222 [INFO] CADModel:114 - Register for checkConnection events
2025-05-25 18:12:48,222 [FATAL] Updater:351 - Updater called before beeing initialized
2025-05-25 18:12:48,222 [ERROR] CADModel:125 - Updater not yet initialized, retry later 
2025-05-25 18:12:48,291 [FATAL] Updater:351 - Updater called before beeing initialized
2025-05-25 18:12:48,292 [INFO] CADModel:165 - CPN selected for project level
2025-05-25 18:12:48,292 [INFO] CADModel:114 - Register for checkConnection events
2025-05-25 18:12:48,293 [FATAL] Updater:351 - Updater called before beeing initialized
2025-05-25 18:12:48,293 [ERROR] CADModel:125 - Updater not yet initialized, retry later 
2025-05-25 18:12:48,294 [FATAL] Updater:351 - Updater called before beeing initialized
2025-05-25 18:12:48,339 [FATAL] Updater:351 - Updater called before beeing initialized
2025-05-25 18:12:48,341 [INFO] DbMcusAds:53 - JSON generation date=Wed May 07 11:07:55 CEST 2025 (1746608875513)
2025-05-25 18:12:48,341 [FATAL] Updater:351 - Updater called before beeing initialized
2025-05-25 18:12:48,363 [WARN] DetailPanel:346 - Failed to get advertising image, set to default
2025-05-25 18:12:48,531 [FATAL] Updater:351 - Updater called before beeing initialized
2025-05-25 18:12:48,532 [FATAL] Updater:351 - Updater called before beeing initialized
2025-05-25 18:12:48,532 [FATAL] Updater:351 - Updater called before beeing initialized
2025-05-25 18:12:48,533 [WARN] DetailPanel:346 - Failed to get advertising image, set to default
2025-05-25 18:12:48,533 [FATAL] Updater:351 - Updater called before beeing initialized
2025-05-25 18:12:48,552 [ERROR] Updater:1198 - MainUpdater not yet initialized. External WinMGr cannot be set.
2025-05-25 18:12:48,552 [INFO] Updater:1134 - Updater Version found : 6.13.0
2025-05-25 18:12:48,561 [INFO] ApplicationProperties:184 - Using Application install path: /opt/st/stm32cubeide_1.17.0/plugins/com.st.stm32cube.common.mx_6.13.0.202411220809
2025-05-25 18:12:48,568 [ERROR] LogOutputStream:75 - [STDERR_REDIRECT] May 25, 2025 6:12:48 PM java.util.prefs.FileSystemPreferences$2 run
2025-05-25 18:12:48,568 [ERROR] LogOutputStream:75 - [STDERR_REDIRECT] WARNING: Could not create system preferences directory. System preferences are unusable.
2025-05-25 18:12:48,568 [ERROR] LogOutputStream:75 - [STDERR_REDIRECT] 
2025-05-25 18:12:48,712 [INFO] MainUpdater:2872 - connection check result : 10
2025-05-25 18:12:48,713 [INFO] MainUpdater:3566 - Updater definition file requires update
2025-05-25 18:12:48,713 [INFO] MainUpdater:289 - Updater Check For Update Now.
2025-05-25 18:12:48,713 [INFO] MicroXplorer:498 - Change Database Version : DB.6.0.130
2025-05-25 18:12:48,716 [INFO] McuFinderGlobals:63 - Set McuFinder mode to 2 (CubeIDE integrated)
2025-05-25 18:12:48,716 [INFO] UserAuth:171 - activating auth plugin
2025-05-25 18:12:48,718 [INFO] UserAuth:486 - Internet connection configuration mode: 1
2025-05-25 18:12:48,724 [INFO] ServerAccessManage:473 - Download File updaters.zip
2025-05-25 18:12:48,726 [INFO] JxBrowserEngine:152 - Initiate JxBrowser Engine with user profile folder
2025-05-25 18:12:48,763 [INFO] FileExtend:240 - Unzip File : updaters.zip
2025-05-25 18:12:48,763 [INFO] FileExtend:255 - Standard Zip Deflate
2025-05-25 18:12:48,864 [INFO] ServerAccessManage:473 - Download File PacksControlFlags.xml
2025-05-25 18:12:48,894 [INFO] ServerAccessManage:473 - Download File cubemx.pidx
2025-05-25 18:12:49,302 [INFO] ServerAccessManage:473 - Download File STMicroelectronics.X-CUBE-ST60.pdsc
2025-05-25 18:12:49,566 [INFO] WebApp:168 - Instantiating new browser for Auth
2025-05-25 18:12:49,705 [WARN] PackLoader:240 - Cannot read IP mode file for STMicroelectronics.X-CUBE-ST60.1.0.0
2025-05-25 18:12:49,707 [INFO] PopulateThirdPartyThread:66 - Ending populate Thread
2025-05-25 18:12:49,708 [INFO] ThirdParty:1030 - CMSIS Pack Vendor :STMicroelectronics X-CUBE-ST60 1.0.0
2025-05-25 18:12:49,708 [INFO] LoadServerUpdatesThread:375 - End of LoadServerUpdate Thread
2025-05-25 18:12:49,827 [INFO] CheckServerUpdateThread:120 - End of CheckServer Thread
2025-05-25 18:12:50,212 [INFO] WebApp:449 - Apply proxy settings
2025-05-25 18:12:50,212 [INFO] WebApp:534 - Chromium requires no authentication
2025-05-25 18:12:50,216 [INFO] WebApp:477 - Direct internet connection detected
2025-05-25 18:12:50,226 [INFO] WebApp:880 - Register for checkConnection events
2025-05-25 18:12:50,226 [INFO] WebApp:449 - Apply proxy settings
2025-05-25 18:12:50,226 [INFO] WebApp:534 - Chromium requires no authentication
2025-05-25 18:12:50,227 [INFO] WebApp:477 - Direct internet connection detected
2025-05-25 18:12:50,302 [INFO] WebApp:221 - Starting web application
2025-05-25 18:12:50,302 [INFO] WebApp:579 - Web application path used /opt/st/stm32cubeide_1.17.0/plugins/com.st.stm32cube.common.mx_6.13.0.202411220809/db/plugins/mcufinder/reactClient1/index.html
2025-05-25 18:12:50,570 [INFO] WebApp:187 - Connection restablished
2025-05-25 18:12:50,875 [WARN] PackLoader:240 - Cannot read IP mode file for STMicroelectronics.FP-SNS-MOTENVWB1.1.4.0
2025-05-25 18:12:50,878 [WARN] PackLoader:240 - Cannot read IP mode file for STMicroelectronics.FP-ATR-ASTRA1.2.0.2
2025-05-25 18:12:50,882 [WARN] PackLoader:240 - Cannot read IP mode file for STMicroelectronics.X-CUBE-SMBUS.2.1.0
2025-05-25 18:12:50,887 [WARN] PackLoader:240 - Cannot read IP mode file for STMicroelectronics.X-CUBE-WB05N.1.1.0
2025-05-25 18:12:50,890 [WARN] PackLoader:240 - Cannot read IP mode file for STMicroelectronics.X-CUBE-ST60.1.0.0
2025-05-25 18:12:50,908 [WARN] PackLoader:240 - Cannot read IP mode file for STMicroelectronics.X-CUBE-AZRTOS-F7.1.1.0
2025-05-25 18:12:50,924 [WARN] PackLoader:240 - Cannot read IP mode file for Infineon.AIROC-Wi-Fi-Bluetooth-STM32.1.7.0
2025-05-25 18:12:50,931 [WARN] PackLoader:240 - Cannot read IP mode file for STMicroelectronics.X-CUBE-DISPLAY.3.0.0
2025-05-25 18:12:50,937 [WARN] PackLoader:240 - Cannot read IP mode file for STMicroelectronics.X-CUBE-NFC10.1.0.0
2025-05-25 18:12:50,944 [WARN] PackLoader:240 - Cannot read IP mode file for STMicroelectronics.X-CUBE-BLEMGR.4.0.0
2025-05-25 18:12:50,948 [WARN] PackLoader:240 - Cannot read IP mode file for emotas.I-CUBE-CANOPEN.1.3.0
2025-05-25 18:12:50,950 [WARN] ConditionMgr:438 - getConditionDescription Invalid condition id : Cortex-A Device cause : null
2025-05-25 18:12:50,954 [WARN] ConditionMgr:1044 - genDependencies : Invalid condition id : Cortex-A Device cause : null
2025-05-25 18:12:50,954 [WARN] ConditionMgr:1044 - genDependencies : Invalid condition id : Cortex-A Device cause : null
2025-05-25 18:12:50,954 [WARN] ConditionMgr:1044 - genDependencies : Invalid condition id : Cortex-A Device cause : null
2025-05-25 18:12:50,956 [WARN] PackLoader:240 - Cannot read IP mode file for STMicroelectronics.X-CUBE-AI.10.0.0
2025-05-25 18:12:50,958 [WARN] PackLoader:240 - Cannot read IP mode file for STMicroelectronics.FP-SNS-SMARTAG2.1.2.0
2025-05-25 18:12:50,959 [WARN] PackLoader:240 - Cannot read IP mode file for STMicroelectronics.FP-SNS-FLIGHT1.5.1.0
2025-05-25 18:12:50,989 [WARN] PackLoader:240 - Cannot read IP mode file for STMicroelectronics.X-CUBE-MEMS1.11.1.0
2025-05-25 18:12:51,096 [INFO] LogOutputStream:77 - [STDOUT_REDIRECT] 1 : Invalid condition id : UX_CORESTACK_Condition cause : null
2025-05-25 18:12:51,097 [INFO] LogOutputStream:77 - [STDOUT_REDIRECT] 1 : Invalid condition id : UX_CORESTACK_Condition cause : null
2025-05-25 18:12:51,097 [INFO] LogOutputStream:77 - [STDOUT_REDIRECT] 1 : Invalid condition id : UX_CORESTACK_Condition cause : null
2025-05-25 18:12:51,097 [INFO] LogOutputStream:77 - [STDOUT_REDIRECT] 1 : Invalid condition id : UX_CORESTACK_Condition cause : null
2025-05-25 18:12:51,097 [INFO] LogOutputStream:77 - [STDOUT_REDIRECT] 1 : Invalid condition id : UX_CORESTACK_Condition cause : null
2025-05-25 18:12:51,099 [WARN] PackLoader:240 - Cannot read IP mode file for STMicroelectronics.X-CUBE-AZRTOS-WL.2.0.0
2025-05-25 18:12:51,101 [WARN] PackLoader:240 - Cannot read IP mode file for STMicroelectronics.FP-SNS-MOTENV1.5.0.0
2025-05-25 18:12:51,104 [WARN] PackLoader:240 - Cannot read IP mode file for WES.I-CUBE-Cesium.1.3.0
2025-05-25 18:12:51,106 [WARN] PackLoader:240 - Cannot read IP mode file for STMicroelectronics.X-CUBE-BLE2.3.3.0
2025-05-25 18:12:51,109 [WARN] PackLoader:240 - Cannot read IP mode file for STMicroelectronics.X-CUBE-NFC9.1.0.0
2025-05-25 18:12:51,112 [WARN] PackLoader:240 - Cannot read IP mode file for STMicroelectronics.X-CUBE-BLE1.7.1.0
2025-05-25 18:12:51,114 [WARN] PackLoader:240 - Cannot read IP mode file for wolfSSL.I-CUBE-wolfMQTT.1.19.2
2025-05-25 18:12:51,138 [WARN] PackLoader:240 - Cannot read IP mode file for STMicroelectronics.X-CUBE-MEMS1.11.2.0
2025-05-25 18:12:51,200 [WARN] PackLoader:240 - Cannot read IP mode file for STMicroelectronics.X-CUBE-AZRTOS-G0.1.1.0
2025-05-25 18:12:51,204 [WARN] PackLoader:240 - Cannot read IP mode file for STMicroelectronics.X-CUBE-SAFEA1.1.2.2
2025-05-25 18:12:51,206 [WARN] PackLoader:240 - Cannot read IP mode file for STMicroelectronics.X-CUBE-NFC4.3.0.0
2025-05-25 18:12:51,210 [WARN] PackLoader:240 - Cannot read IP mode file for EmbeddedOffice.I-CUBE-FS-RTOS.1.0.1
2025-05-25 18:12:51,213 [WARN] PackLoader:240 - Cannot read IP mode file for STMicroelectronics.X-CUBE-WB05N.2.0.0
2025-05-25 18:12:51,214 [WARN] PackLoader:240 - Cannot read IP mode file for wolfSSL.I-CUBE-wolfTPM.3.8.0
2025-05-25 18:12:51,216 [WARN] PackLoader:240 - Cannot read IP mode file for STMicroelectronics.X-CUBE-TCPP.4.2.0
2025-05-25 18:12:51,219 [WARN] PackLoader:240 - Cannot read IP mode file for RealThread.X-CUBE-RT-Thread_Nano.4.1.1
2025-05-25 18:12:51,221 [WARN] PackLoader:240 - Cannot read IP mode file for STMicroelectronics.FP-ATR-SIGFOX1.3.2.0
2025-05-25 18:12:51,223 [WARN] PackLoader:240 - Cannot read IP mode file for STMicroelectronics.X-CUBE-EEPRMA1.5.1.0
2025-05-25 18:12:51,225 [WARN] PackLoader:240 - Cannot read IP mode file for wolfSSL.I-CUBE-wolfSSL.5.7.6
2025-05-25 18:12:51,228 [WARN] PackLoader:240 - Cannot read IP mode file for ITTIA_DB.I-CUBE-ITTIADB.8.9.0
2025-05-25 18:12:51,239 [WARN] PackLoader:240 - Cannot read IP mode file for SEGGER.I-CUBE-embOS.1.3.1
2025-05-25 18:12:51,258 [WARN] PackLoader:240 - Cannot read IP mode file for STMicroelectronics.X-CUBE-ALGOBUILD.1.4.0
2025-05-25 18:12:51,265 [WARN] PackLoader:240 - Cannot read IP mode file for STMicroelectronics.X-CUBE-AZRTOS-F4.1.1.0
2025-05-25 18:12:51,267 [WARN] PackLoader:240 - Cannot read IP mode file for Avnet-IotConnect.X-CUBE-IoTC-DA16k-PMOD.1.0.0
2025-05-25 18:12:51,269 [WARN] PackLoader:240 - Cannot read IP mode file for STMicroelectronics.X-CUBE-ISPU.2.1.0
2025-05-25 18:12:51,275 [WARN] PackLoader:240 - Cannot read IP mode file for STMicroelectronics.X-CUBE-AZRTOS-L5.2.0.0
2025-05-25 18:12:51,281 [WARN] PackLoader:240 - Cannot read IP mode file for STMicroelectronics.X-CUBE-NFC6.3.1.0
2025-05-25 18:12:51,284 [WARN] PackLoader:240 - Cannot read IP mode file for STMicroelectronics.X-CUBE-FREERTOS.1.3.1
2025-05-25 18:12:51,286 [WARN] PackLoader:240 - Cannot read IP mode file for STMicroelectronics.X-CUBE-FREERTOS.1.3.0
2025-05-25 18:12:51,287 [WARN] PackLoader:240 - Cannot read IP mode file for STMicroelectronics.X-CUBE-NFC7.1.0.1
2025-05-25 18:12:51,290 [WARN] PackLoader:240 - Cannot read IP mode file for STMicroelectronics.X-CUBE-DPower.1.3.0
2025-05-25 18:12:51,297 [WARN] ConditionMgr:438 - getConditionDescription Invalid condition id : LAN8742 Phy interface Condition cause : null
2025-05-25 18:12:51,297 [WARN] PackLoader:240 - Cannot read IP mode file for STMicroelectronics.X-CUBE-AZRTOS-L4.2.0.0
2025-05-25 18:12:51,298 [WARN] ConditionMgr:1044 - genDependencies : Invalid condition id : LAN8742 Phy interface Condition cause : null
2025-05-25 18:12:51,298 [WARN] ConditionMgr:1044 - genDependencies : Invalid condition id : LAN8742 Phy interface Condition cause : null
2025-05-25 18:12:51,298 [WARN] ConditionMgr:1044 - genDependencies : Invalid condition id : LAN8742 Phy interface Condition cause : null
2025-05-25 18:12:51,301 [WARN] PackLoader:240 - Cannot read IP mode file for STMicroelectronics.X-CUBE-SFXS2LP1.4.0.0
2025-05-25 18:12:51,314 [WARN] PackLoader:240 - Cannot read IP mode file for STMicroelectronics.X-CUBE-AZRTOS-H7.3.3.0
2025-05-25 18:12:51,322 [WARN] ConditionMgr:438 - getConditionDescription Invalid condition id : UX DEVICE CLASS RTOS Condition cause : null
2025-05-25 18:12:51,323 [WARN] ConditionMgr:438 - getConditionDescription Invalid condition id : UX DEVICE CLASS RTOS Condition cause : null
2025-05-25 18:12:51,323 [WARN] PackLoader:240 - Cannot read IP mode file for STMicroelectronics.X-CUBE-AZRTOS-WB.2.0.0
2025-05-25 18:12:51,324 [WARN] ConditionMgr:1044 - genDependencies : Invalid condition id : UX DEVICE CLASS RTOS Condition cause : null
2025-05-25 18:12:51,324 [WARN] ConditionMgr:1044 - genDependencies : Invalid condition id : UX DEVICE CLASS RTOS Condition cause : null
2025-05-25 18:12:51,324 [WARN] ConditionMgr:1044 - genDependencies : Invalid condition id : UX DEVICE CLASS RTOS Condition cause : null
2025-05-25 18:12:51,324 [WARN] ConditionMgr:1044 - genDependencies : Invalid condition id : UX DEVICE CLASS RTOS Condition cause : null
2025-05-25 18:12:51,324 [WARN] ConditionMgr:1044 - genDependencies : Invalid condition id : UX DEVICE CLASS RTOS Condition cause : null
2025-05-25 18:12:51,327 [WARN] PackLoader:240 - Cannot read IP mode file for STMicroelectronics.X-CUBE-GNSS1.7.0.1
2025-05-25 18:12:51,329 [WARN] PackLoader:240 - Cannot read IP mode file for STMicroelectronics.X-CUBE-TOUCHGFX.4.25.0
2025-05-25 18:12:51,331 [WARN] PackLoader:240 - Cannot read IP mode file for STMicroelectronics.FP-SNS-STBOX1.2.0.0
2025-05-25 18:12:51,336 [WARN] PackLoader:240 - Cannot read IP mode file for STMicroelectronics.X-CUBE-SUBG2.5.0.0
2025-05-25 18:12:51,346 [WARN] PackLoader:240 - Cannot read IP mode file for STMicroelectronics.X-CUBE-AZRTOS-H7RS.1.1.0
2025-05-25 18:12:51,349 [WARN] PackLoader:240 - Cannot read IP mode file for Cesanta.I-CUBE-Mongoose.7.13.0
2025-05-25 18:12:51,355 [WARN] PackLoader:240 - Cannot read IP mode file for STMicroelectronics.X-CUBE-AZRTOS-G4.2.0.0
2025-05-25 18:12:51,357 [WARN] PackLoader:240 - Cannot read IP mode file for wolfSSL.I-CUBE-wolfSSH.1.4.20
2025-05-25 18:12:51,359 [WARN] PackLoader:240 - Cannot read IP mode file for STMicroelectronics.X-CUBE-NFC7.2.0.0
2025-05-25 18:12:51,363 [WARN] PackLoader:240 - Cannot read IP mode file for STMicroelectronics.X-CUBE-IPS.3.1.0
2025-05-25 18:12:51,373 [WARN] PackLoader:240 - Cannot read IP mode file for STMicroelectronics.X-CUBE-ALS.1.0.2
2025-05-25 18:12:51,376 [WARN] PackLoader:240 - Cannot read IP mode file for portGmbH.I-Cube-SoM-uGOAL.1.1.0
2025-05-25 18:12:51,380 [WARN] PackLoader:240 - Cannot read IP mode file for STMicroelectronics.X-CUBE-TOF1.3.4.2
2025-05-25 18:12:51,388 [WARN] PackLoader:240 - Cannot read IP mode file for STMicroelectronics.X-CUBE-TOF1.3.4.3
2025-05-25 18:12:51,393 [INFO] ThirdParty:978 - Integrity check success = true
2025-05-25 18:12:51,393 [INFO] IntegrityCheckThread:100 - exiting critical section [integrity check]
2025-05-25 18:12:51,393 [INFO] IntegrityCheckThread:103 - End integrity checks thread
2025-05-25 18:13:03,200 [ERROR] LogOutputStream:75 - [STDERR_REDIRECT] 
2025-05-25 18:13:03,201 [ERROR] LogOutputStream:75 - [STDERR_REDIRECT] 
